<?xml version="1.0" encoding="UTF-8"?>
<testng-results skipped="4" failed="0" ignored="0" total="4" passed="0">
  <reporter-output>
  </reporter-output>
  <suite name="Default suite" duration-ms="17331" started-at="2020-03-20T05:20:39Z" finished-at="2020-03-20T05:20:56Z">
    <groups>
    </groups>
    <test name="Default test" duration-ms="17331" started-at="2020-03-20T05:20:39Z" finished-at="2020-03-20T05:20:56Z">
      <class name="com.elearning.test.ELTC_069">
        <test-method status="PASS" signature="setUpBeforeClass()[pri:0, instance:com.elearning.test.ELTC_069@4678c730]" name="setUpBeforeClass" is-config="true" duration-ms="15" started-at="2020-03-20T10:50:39Z" finished-at="2020-03-20T10:50:39Z">
          <reporter-output>
          </reporter-output>
        </test-method> <!-- setUpBeforeClass -->
        <test-method status="FAIL" signature="setUp()[pri:0, instance:com.elearning.test.ELTC_069@4678c730]" name="setUp" is-config="true" duration-ms="16656" started-at="2020-03-20T10:50:39Z" finished-at="2020-03-20T10:50:56Z">
          <exception class="org.openqa.selenium.SessionNotCreatedException">
            <message>
              <![CDATA[session not created
from chrome not reachable
  (Session info: chrome=80.0.3987.132)
Build info: version: '3.6.0', revision: '6fbf3ec767', time: '2017-09-27T15:28:36.4Z'
System info: host: 'DESKTOP-3JCFK64', ip: '192.168.1.8', os.name: 'Windows 10', os.arch: 'amd64', os.version: '10.0', java.version: '1.8.0_121'
Driver info: driver.version: ChromeDriver
remote stacktrace: Backtrace:
	Ordinal0 [0x00910C83+1707139]
	Ordinal0 [0x008768F1+1075441]
	Ordinal0 [0x007EDE72+515698]
	Ordinal0 [0x007E7CA8+490664]
	Ordinal0 [0x007E839B+492443]
	Ordinal0 [0x007E92F5+496373]
	Ordinal0 [0x007E4F05+478981]
	Ordinal0 [0x007EECA0+519328]
	Ordinal0 [0x0079CA67+182887]
	Ordinal0 [0x0079BDDD+179677]
	Ordinal0 [0x00799D4B+171339]
	Ordinal0 [0x00781D4A+73034]
	Ordinal0 [0x00782DC0+77248]
	Ordinal0 [0x00782D59+77145]
	Ordinal0 [0x0088BB67+1162087]
	GetHandleVerifier [0x009AA966+508998]
	GetHandleVerifier [0x009AA6A4+508292]
	GetHandleVerifier [0x009BF7B7+594583]
	GetHandleVerifier [0x009AB1D6+511158]
	Ordinal0 [0x0088402C+1130540]
	Ordinal0 [0x0088D4CB+1168587]
	Ordinal0 [0x0088D633+1168947]
	Ordinal0 [0x008A5B35+1268533]
	BaseThreadInitThunk [0x75646359+25]
	RtlGetAppContainerNamedObjectPath [0x77EA7B74+228]
	RtlGetAppContainerNamedObjectPath [0x77EA7B44+180]
]]>
            </message>
            <full-stacktrace>
              <![CDATA[org.openqa.selenium.SessionNotCreatedException: session not created
from chrome not reachable
  (Session info: chrome=80.0.3987.132)
Build info: version: '3.6.0', revision: '6fbf3ec767', time: '2017-09-27T15:28:36.4Z'
System info: host: 'DESKTOP-3JCFK64', ip: '192.168.1.8', os.name: 'Windows 10', os.arch: 'amd64', os.version: '10.0', java.version: '1.8.0_121'
Driver info: driver.version: ChromeDriver
remote stacktrace: Backtrace:
	Ordinal0 [0x00910C83+1707139]
	Ordinal0 [0x008768F1+1075441]
	Ordinal0 [0x007EDE72+515698]
	Ordinal0 [0x007E7CA8+490664]
	Ordinal0 [0x007E839B+492443]
	Ordinal0 [0x007E92F5+496373]
	Ordinal0 [0x007E4F05+478981]
	Ordinal0 [0x007EECA0+519328]
	Ordinal0 [0x0079CA67+182887]
	Ordinal0 [0x0079BDDD+179677]
	Ordinal0 [0x00799D4B+171339]
	Ordinal0 [0x00781D4A+73034]
	Ordinal0 [0x00782DC0+77248]
	Ordinal0 [0x00782D59+77145]
	Ordinal0 [0x0088BB67+1162087]
	GetHandleVerifier [0x009AA966+508998]
	GetHandleVerifier [0x009AA6A4+508292]
	GetHandleVerifier [0x009BF7B7+594583]
	GetHandleVerifier [0x009AB1D6+511158]
	Ordinal0 [0x0088402C+1130540]
	Ordinal0 [0x0088D4CB+1168587]
	Ordinal0 [0x0088D633+1168947]
	Ordinal0 [0x008A5B35+1268533]
	BaseThreadInitThunk [0x75646359+25]
	RtlGetAppContainerNamedObjectPath [0x77EA7B74+228]
	RtlGetAppContainerNamedObjectPath [0x77EA7B44+180]

	at sun.reflect.NativeConstructorAccessorImpl.newInstance0(Native Method)
	at sun.reflect.NativeConstructorAccessorImpl.newInstance(NativeConstructorAccessorImpl.java:62)
	at sun.reflect.DelegatingConstructorAccessorImpl.newInstance(DelegatingConstructorAccessorImpl.java:45)
	at java.lang.reflect.Constructor.newInstance(Constructor.java:423)
	at org.openqa.selenium.remote.W3CHandshakeResponse.lambda$new$0(W3CHandshakeResponse.java:57)
	at org.openqa.selenium.remote.W3CHandshakeResponse.lambda$getResponseFunction$2(W3CHandshakeResponse.java:104)
	at org.openqa.selenium.remote.ProtocolHandshake.lambda$createSession$24(ProtocolHandshake.java:359)
	at java.util.stream.ReferencePipeline$3$1.accept(ReferencePipeline.java:193)
	at java.util.Spliterators$ArraySpliterator.tryAdvance(Spliterators.java:958)
	at java.util.stream.ReferencePipeline.forEachWithCancel(ReferencePipeline.java:126)
	at java.util.stream.AbstractPipeline.copyIntoWithCancel(AbstractPipeline.java:498)
	at java.util.stream.AbstractPipeline.copyInto(AbstractPipeline.java:485)
	at java.util.stream.AbstractPipeline.wrapAndCopyInto(AbstractPipeline.java:471)
	at java.util.stream.FindOps$FindOp.evaluateSequential(FindOps.java:152)
	at java.util.stream.AbstractPipeline.evaluate(AbstractPipeline.java:234)
	at java.util.stream.ReferencePipeline.findFirst(ReferencePipeline.java:464)
	at org.openqa.selenium.remote.ProtocolHandshake.createSession(ProtocolHandshake.java:362)
	at org.openqa.selenium.remote.ProtocolHandshake.createSession(ProtocolHandshake.java:136)
	at org.openqa.selenium.remote.HttpCommandExecutor.execute(HttpCommandExecutor.java:142)
	at org.openqa.selenium.remote.service.DriverCommandExecutor.execute(DriverCommandExecutor.java:83)
	at org.openqa.selenium.remote.RemoteWebDriver.execute(RemoteWebDriver.java:586)
	at org.openqa.selenium.remote.RemoteWebDriver.startSession(RemoteWebDriver.java:217)
	at org.openqa.selenium.remote.RemoteWebDriver.<init>(RemoteWebDriver.java:140)
	at org.openqa.selenium.chrome.ChromeDriver.<init>(ChromeDriver.java:181)
	at org.openqa.selenium.chrome.ChromeDriver.<init>(ChromeDriver.java:168)
	at org.openqa.selenium.chrome.ChromeDriver.<init>(ChromeDriver.java:123)
	at com.training.utility.DriverFactory.getDriver(DriverFactory.java:24)
	at com.elearning.test.ELTC_069.setUp(ELTC_069.java:45)
	at sun.reflect.NativeMethodAccessorImpl.invoke0(Native Method)
	at sun.reflect.NativeMethodAccessorImpl.invoke(NativeMethodAccessorImpl.java:62)
	at sun.reflect.DelegatingMethodAccessorImpl.invoke(DelegatingMethodAccessorImpl.java:43)
	at java.lang.reflect.Method.invoke(Method.java:498)
	at org.testng.internal.MethodInvocationHelper.invokeMethod(MethodInvocationHelper.java:108)
	at org.testng.internal.Invoker.invokeConfigurationMethod(Invoker.java:523)
	at org.testng.internal.Invoker.invokeConfigurations(Invoker.java:224)
	at org.testng.internal.Invoker.invokeMethod(Invoker.java:599)
	at org.testng.internal.Invoker.invokeTestMethod(Invoker.java:869)
	at org.testng.internal.Invoker.invokeTestMethods(Invoker.java:1193)
	at org.testng.internal.TestMethodWorker.invokeTestMethods(TestMethodWorker.java:126)
	at org.testng.internal.TestMethodWorker.run(TestMethodWorker.java:109)
	at org.testng.TestRunner.privateRun(TestRunner.java:744)
	at org.testng.TestRunner.run(TestRunner.java:602)
	at org.testng.SuiteRunner.runTest(SuiteRunner.java:380)
	at org.testng.SuiteRunner.runSequentially(SuiteRunner.java:375)
	at org.testng.SuiteRunner.privateRun(SuiteRunner.java:340)
	at org.testng.SuiteRunner.run(SuiteRunner.java:289)
	at org.testng.SuiteRunnerWorker.runSuite(SuiteRunnerWorker.java:52)
	at org.testng.SuiteRunnerWorker.run(SuiteRunnerWorker.java:86)
	at org.testng.TestNG.runSuitesSequentially(TestNG.java:1301)
	at org.testng.TestNG.runSuitesLocally(TestNG.java:1226)
	at org.testng.TestNG.runSuites(TestNG.java:1144)
	at org.testng.TestNG.run(TestNG.java:1115)
	at org.testng.remote.AbstractRemoteTestNG.run(AbstractRemoteTestNG.java:115)
	at org.testng.remote.RemoteTestNG.initAndRun(RemoteTestNG.java:251)
	at org.testng.remote.RemoteTestNG.main(RemoteTestNG.java:77)
]]>
            </full-stacktrace>
          </exception> <!-- org.openqa.selenium.SessionNotCreatedException -->
          <reporter-output>
          </reporter-output>
        </test-method> <!-- setUp -->
        <test-method status="SKIP" signature="loginDBTest(java.lang.String, java.lang.String, java.lang.String, java.lang.String, java.lang.String, java.lang.String, java.lang.String)[pri:0, instance:com.elearning.test.ELTC_069@4678c730]" name="loginDBTest" duration-ms="0" started-at="2020-03-20T10:50:56Z" data-provider="testData" finished-at="2020-03-20T10:50:56Z">
          <exception class="org.openqa.selenium.SessionNotCreatedException">
            <message>
              <![CDATA[session not created
from chrome not reachable
  (Session info: chrome=80.0.3987.132)
Build info: version: '3.6.0', revision: '6fbf3ec767', time: '2017-09-27T15:28:36.4Z'
System info: host: 'DESKTOP-3JCFK64', ip: '192.168.1.8', os.name: 'Windows 10', os.arch: 'amd64', os.version: '10.0', java.version: '1.8.0_121'
Driver info: driver.version: ChromeDriver
remote stacktrace: Backtrace:
	Ordinal0 [0x00910C83+1707139]
	Ordinal0 [0x008768F1+1075441]
	Ordinal0 [0x007EDE72+515698]
	Ordinal0 [0x007E7CA8+490664]
	Ordinal0 [0x007E839B+492443]
	Ordinal0 [0x007E92F5+496373]
	Ordinal0 [0x007E4F05+478981]
	Ordinal0 [0x007EECA0+519328]
	Ordinal0 [0x0079CA67+182887]
	Ordinal0 [0x0079BDDD+179677]
	Ordinal0 [0x00799D4B+171339]
	Ordinal0 [0x00781D4A+73034]
	Ordinal0 [0x00782DC0+77248]
	Ordinal0 [0x00782D59+77145]
	Ordinal0 [0x0088BB67+1162087]
	GetHandleVerifier [0x009AA966+508998]
	GetHandleVerifier [0x009AA6A4+508292]
	GetHandleVerifier [0x009BF7B7+594583]
	GetHandleVerifier [0x009AB1D6+511158]
	Ordinal0 [0x0088402C+1130540]
	Ordinal0 [0x0088D4CB+1168587]
	Ordinal0 [0x0088D633+1168947]
	Ordinal0 [0x008A5B35+1268533]
	BaseThreadInitThunk [0x75646359+25]
	RtlGetAppContainerNamedObjectPath [0x77EA7B74+228]
	RtlGetAppContainerNamedObjectPath [0x77EA7B44+180]
]]>
            </message>
            <full-stacktrace>
              <![CDATA[org.openqa.selenium.SessionNotCreatedException: session not created
from chrome not reachable
  (Session info: chrome=80.0.3987.132)
Build info: version: '3.6.0', revision: '6fbf3ec767', time: '2017-09-27T15:28:36.4Z'
System info: host: 'DESKTOP-3JCFK64', ip: '192.168.1.8', os.name: 'Windows 10', os.arch: 'amd64', os.version: '10.0', java.version: '1.8.0_121'
Driver info: driver.version: ChromeDriver
remote stacktrace: Backtrace:
	Ordinal0 [0x00910C83+1707139]
	Ordinal0 [0x008768F1+1075441]
	Ordinal0 [0x007EDE72+515698]
	Ordinal0 [0x007E7CA8+490664]
	Ordinal0 [0x007E839B+492443]
	Ordinal0 [0x007E92F5+496373]
	Ordinal0 [0x007E4F05+478981]
	Ordinal0 [0x007EECA0+519328]
	Ordinal0 [0x0079CA67+182887]
	Ordinal0 [0x0079BDDD+179677]
	Ordinal0 [0x00799D4B+171339]
	Ordinal0 [0x00781D4A+73034]
	Ordinal0 [0x00782DC0+77248]
	Ordinal0 [0x00782D59+77145]
	Ordinal0 [0x0088BB67+1162087]
	GetHandleVerifier [0x009AA966+508998]
	GetHandleVerifier [0x009AA6A4+508292]
	GetHandleVerifier [0x009BF7B7+594583]
	GetHandleVerifier [0x009AB1D6+511158]
	Ordinal0 [0x0088402C+1130540]
	Ordinal0 [0x0088D4CB+1168587]
	Ordinal0 [0x0088D633+1168947]
	Ordinal0 [0x008A5B35+1268533]
	BaseThreadInitThunk [0x75646359+25]
	RtlGetAppContainerNamedObjectPath [0x77EA7B74+228]
	RtlGetAppContainerNamedObjectPath [0x77EA7B44+180]

	at sun.reflect.NativeConstructorAccessorImpl.newInstance0(Native Method)
	at sun.reflect.NativeConstructorAccessorImpl.newInstance(NativeConstructorAccessorImpl.java:62)
	at sun.reflect.DelegatingConstructorAccessorImpl.newInstance(DelegatingConstructorAccessorImpl.java:45)
	at java.lang.reflect.Constructor.newInstance(Constructor.java:423)
	at org.openqa.selenium.remote.W3CHandshakeResponse.lambda$new$0(W3CHandshakeResponse.java:57)
	at org.openqa.selenium.remote.W3CHandshakeResponse.lambda$getResponseFunction$2(W3CHandshakeResponse.java:104)
	at org.openqa.selenium.remote.ProtocolHandshake.lambda$createSession$24(ProtocolHandshake.java:359)
	at java.util.stream.ReferencePipeline$3$1.accept(ReferencePipeline.java:193)
	at java.util.Spliterators$ArraySpliterator.tryAdvance(Spliterators.java:958)
	at java.util.stream.ReferencePipeline.forEachWithCancel(ReferencePipeline.java:126)
	at java.util.stream.AbstractPipeline.copyIntoWithCancel(AbstractPipeline.java:498)
	at java.util.stream.AbstractPipeline.copyInto(AbstractPipeline.java:485)
	at java.util.stream.AbstractPipeline.wrapAndCopyInto(AbstractPipeline.java:471)
	at java.util.stream.FindOps$FindOp.evaluateSequential(FindOps.java:152)
	at java.util.stream.AbstractPipeline.evaluate(AbstractPipeline.java:234)
	at java.util.stream.ReferencePipeline.findFirst(ReferencePipeline.java:464)
	at org.openqa.selenium.remote.ProtocolHandshake.createSession(ProtocolHandshake.java:362)
	at org.openqa.selenium.remote.ProtocolHandshake.createSession(ProtocolHandshake.java:136)
	at org.openqa.selenium.remote.HttpCommandExecutor.execute(HttpCommandExecutor.java:142)
	at org.openqa.selenium.remote.service.DriverCommandExecutor.execute(DriverCommandExecutor.java:83)
	at org.openqa.selenium.remote.RemoteWebDriver.execute(RemoteWebDriver.java:586)
	at org.openqa.selenium.remote.RemoteWebDriver.startSession(RemoteWebDriver.java:217)
	at org.openqa.selenium.remote.RemoteWebDriver.<init>(RemoteWebDriver.java:140)
	at org.openqa.selenium.chrome.ChromeDriver.<init>(ChromeDriver.java:181)
	at org.openqa.selenium.chrome.ChromeDriver.<init>(ChromeDriver.java:168)
	at org.openqa.selenium.chrome.ChromeDriver.<init>(ChromeDriver.java:123)
	at com.training.utility.DriverFactory.getDriver(DriverFactory.java:24)
	at com.elearning.test.ELTC_069.setUp(ELTC_069.java:45)
	at sun.reflect.NativeMethodAccessorImpl.invoke0(Native Method)
	at sun.reflect.NativeMethodAccessorImpl.invoke(NativeMethodAccessorImpl.java:62)
	at sun.reflect.DelegatingMethodAccessorImpl.invoke(DelegatingMethodAccessorImpl.java:43)
	at java.lang.reflect.Method.invoke(Method.java:498)
	at org.testng.internal.MethodInvocationHelper.invokeMethod(MethodInvocationHelper.java:108)
	at org.testng.internal.Invoker.invokeConfigurationMethod(Invoker.java:523)
	at org.testng.internal.Invoker.invokeConfigurations(Invoker.java:224)
	at org.testng.internal.Invoker.invokeMethod(Invoker.java:599)
	at org.testng.internal.Invoker.invokeTestMethod(Invoker.java:869)
	at org.testng.internal.Invoker.invokeTestMethods(Invoker.java:1193)
	at org.testng.internal.TestMethodWorker.invokeTestMethods(TestMethodWorker.java:126)
	at org.testng.internal.TestMethodWorker.run(TestMethodWorker.java:109)
	at org.testng.TestRunner.privateRun(TestRunner.java:744)
	at org.testng.TestRunner.run(TestRunner.java:602)
	at org.testng.SuiteRunner.runTest(SuiteRunner.java:380)
	at org.testng.SuiteRunner.runSequentially(SuiteRunner.java:375)
	at org.testng.SuiteRunner.privateRun(SuiteRunner.java:340)
	at org.testng.SuiteRunner.run(SuiteRunner.java:289)
	at org.testng.SuiteRunnerWorker.runSuite(SuiteRunnerWorker.java:52)
	at org.testng.SuiteRunnerWorker.run(SuiteRunnerWorker.java:86)
	at org.testng.TestNG.runSuitesSequentially(TestNG.java:1301)
	at org.testng.TestNG.runSuitesLocally(TestNG.java:1226)
	at org.testng.TestNG.runSuites(TestNG.java:1144)
	at org.testng.TestNG.run(TestNG.java:1115)
	at org.testng.remote.AbstractRemoteTestNG.run(AbstractRemoteTestNG.java:115)
	at org.testng.remote.RemoteTestNG.initAndRun(RemoteTestNG.java:251)
	at org.testng.remote.RemoteTestNG.main(RemoteTestNG.java:77)
]]>
            </full-stacktrace>
          </exception> <!-- org.openqa.selenium.SessionNotCreatedException -->
          <reporter-output>
          </reporter-output>
        </test-method> <!-- loginDBTest -->
        <test-method status="SKIP" signature="setUp()[pri:0, instance:com.elearning.test.ELTC_069@4678c730]" name="setUp" is-config="true" duration-ms="0" started-at="2020-03-20T10:50:56Z" finished-at="2020-03-20T10:50:56Z">
          <reporter-output>
          </reporter-output>
        </test-method> <!-- setUp -->
        <test-method status="SKIP" signature="loginDBTest(java.lang.String, java.lang.String, java.lang.String, java.lang.String, java.lang.String, java.lang.String, java.lang.String)[pri:0, instance:com.elearning.test.ELTC_069@4678c730]" name="loginDBTest" duration-ms="0" started-at="2020-03-20T10:50:56Z" data-provider="testData" finished-at="2020-03-20T10:50:56Z">
          <exception class="org.openqa.selenium.SessionNotCreatedException">
            <message>
              <![CDATA[session not created
from chrome not reachable
  (Session info: chrome=80.0.3987.132)
Build info: version: '3.6.0', revision: '6fbf3ec767', time: '2017-09-27T15:28:36.4Z'
System info: host: 'DESKTOP-3JCFK64', ip: '192.168.1.8', os.name: 'Windows 10', os.arch: 'amd64', os.version: '10.0', java.version: '1.8.0_121'
Driver info: driver.version: ChromeDriver
remote stacktrace: Backtrace:
	Ordinal0 [0x00910C83+1707139]
	Ordinal0 [0x008768F1+1075441]
	Ordinal0 [0x007EDE72+515698]
	Ordinal0 [0x007E7CA8+490664]
	Ordinal0 [0x007E839B+492443]
	Ordinal0 [0x007E92F5+496373]
	Ordinal0 [0x007E4F05+478981]
	Ordinal0 [0x007EECA0+519328]
	Ordinal0 [0x0079CA67+182887]
	Ordinal0 [0x0079BDDD+179677]
	Ordinal0 [0x00799D4B+171339]
	Ordinal0 [0x00781D4A+73034]
	Ordinal0 [0x00782DC0+77248]
	Ordinal0 [0x00782D59+77145]
	Ordinal0 [0x0088BB67+1162087]
	GetHandleVerifier [0x009AA966+508998]
	GetHandleVerifier [0x009AA6A4+508292]
	GetHandleVerifier [0x009BF7B7+594583]
	GetHandleVerifier [0x009AB1D6+511158]
	Ordinal0 [0x0088402C+1130540]
	Ordinal0 [0x0088D4CB+1168587]
	Ordinal0 [0x0088D633+1168947]
	Ordinal0 [0x008A5B35+1268533]
	BaseThreadInitThunk [0x75646359+25]
	RtlGetAppContainerNamedObjectPath [0x77EA7B74+228]
	RtlGetAppContainerNamedObjectPath [0x77EA7B44+180]
]]>
            </message>
            <full-stacktrace>
              <![CDATA[org.openqa.selenium.SessionNotCreatedException: session not created
from chrome not reachable
  (Session info: chrome=80.0.3987.132)
Build info: version: '3.6.0', revision: '6fbf3ec767', time: '2017-09-27T15:28:36.4Z'
System info: host: 'DESKTOP-3JCFK64', ip: '192.168.1.8', os.name: 'Windows 10', os.arch: 'amd64', os.version: '10.0', java.version: '1.8.0_121'
Driver info: driver.version: ChromeDriver
remote stacktrace: Backtrace:
	Ordinal0 [0x00910C83+1707139]
	Ordinal0 [0x008768F1+1075441]
	Ordinal0 [0x007EDE72+515698]
	Ordinal0 [0x007E7CA8+490664]
	Ordinal0 [0x007E839B+492443]
	Ordinal0 [0x007E92F5+496373]
	Ordinal0 [0x007E4F05+478981]
	Ordinal0 [0x007EECA0+519328]
	Ordinal0 [0x0079CA67+182887]
	Ordinal0 [0x0079BDDD+179677]
	Ordinal0 [0x00799D4B+171339]
	Ordinal0 [0x00781D4A+73034]
	Ordinal0 [0x00782DC0+77248]
	Ordinal0 [0x00782D59+77145]
	Ordinal0 [0x0088BB67+1162087]
	GetHandleVerifier [0x009AA966+508998]
	GetHandleVerifier [0x009AA6A4+508292]
	GetHandleVerifier [0x009BF7B7+594583]
	GetHandleVerifier [0x009AB1D6+511158]
	Ordinal0 [0x0088402C+1130540]
	Ordinal0 [0x0088D4CB+1168587]
	Ordinal0 [0x0088D633+1168947]
	Ordinal0 [0x008A5B35+1268533]
	BaseThreadInitThunk [0x75646359+25]
	RtlGetAppContainerNamedObjectPath [0x77EA7B74+228]
	RtlGetAppContainerNamedObjectPath [0x77EA7B44+180]

	at sun.reflect.NativeConstructorAccessorImpl.newInstance0(Native Method)
	at sun.reflect.NativeConstructorAccessorImpl.newInstance(NativeConstructorAccessorImpl.java:62)
	at sun.reflect.DelegatingConstructorAccessorImpl.newInstance(DelegatingConstructorAccessorImpl.java:45)
	at java.lang.reflect.Constructor.newInstance(Constructor.java:423)
	at org.openqa.selenium.remote.W3CHandshakeResponse.lambda$new$0(W3CHandshakeResponse.java:57)
	at org.openqa.selenium.remote.W3CHandshakeResponse.lambda$getResponseFunction$2(W3CHandshakeResponse.java:104)
	at org.openqa.selenium.remote.ProtocolHandshake.lambda$createSession$24(ProtocolHandshake.java:359)
	at java.util.stream.ReferencePipeline$3$1.accept(ReferencePipeline.java:193)
	at java.util.Spliterators$ArraySpliterator.tryAdvance(Spliterators.java:958)
	at java.util.stream.ReferencePipeline.forEachWithCancel(ReferencePipeline.java:126)
	at java.util.stream.AbstractPipeline.copyIntoWithCancel(AbstractPipeline.java:498)
	at java.util.stream.AbstractPipeline.copyInto(AbstractPipeline.java:485)
	at java.util.stream.AbstractPipeline.wrapAndCopyInto(AbstractPipeline.java:471)
	at java.util.stream.FindOps$FindOp.evaluateSequential(FindOps.java:152)
	at java.util.stream.AbstractPipeline.evaluate(AbstractPipeline.java:234)
	at java.util.stream.ReferencePipeline.findFirst(ReferencePipeline.java:464)
	at org.openqa.selenium.remote.ProtocolHandshake.createSession(ProtocolHandshake.java:362)
	at org.openqa.selenium.remote.ProtocolHandshake.createSession(ProtocolHandshake.java:136)
	at org.openqa.selenium.remote.HttpCommandExecutor.execute(HttpCommandExecutor.java:142)
	at org.openqa.selenium.remote.service.DriverCommandExecutor.execute(DriverCommandExecutor.java:83)
	at org.openqa.selenium.remote.RemoteWebDriver.execute(RemoteWebDriver.java:586)
	at org.openqa.selenium.remote.RemoteWebDriver.startSession(RemoteWebDriver.java:217)
	at org.openqa.selenium.remote.RemoteWebDriver.<init>(RemoteWebDriver.java:140)
	at org.openqa.selenium.chrome.ChromeDriver.<init>(ChromeDriver.java:181)
	at org.openqa.selenium.chrome.ChromeDriver.<init>(ChromeDriver.java:168)
	at org.openqa.selenium.chrome.ChromeDriver.<init>(ChromeDriver.java:123)
	at com.training.utility.DriverFactory.getDriver(DriverFactory.java:24)
	at com.elearning.test.ELTC_069.setUp(ELTC_069.java:45)
	at sun.reflect.NativeMethodAccessorImpl.invoke0(Native Method)
	at sun.reflect.NativeMethodAccessorImpl.invoke(NativeMethodAccessorImpl.java:62)
	at sun.reflect.DelegatingMethodAccessorImpl.invoke(DelegatingMethodAccessorImpl.java:43)
	at java.lang.reflect.Method.invoke(Method.java:498)
	at org.testng.internal.MethodInvocationHelper.invokeMethod(MethodInvocationHelper.java:108)
	at org.testng.internal.Invoker.invokeConfigurationMethod(Invoker.java:523)
	at org.testng.internal.Invoker.invokeConfigurations(Invoker.java:224)
	at org.testng.internal.Invoker.invokeMethod(Invoker.java:599)
	at org.testng.internal.Invoker.invokeTestMethod(Invoker.java:869)
	at org.testng.internal.Invoker.invokeTestMethods(Invoker.java:1193)
	at org.testng.internal.TestMethodWorker.invokeTestMethods(TestMethodWorker.java:126)
	at org.testng.internal.TestMethodWorker.run(TestMethodWorker.java:109)
	at org.testng.TestRunner.privateRun(TestRunner.java:744)
	at org.testng.TestRunner.run(TestRunner.java:602)
	at org.testng.SuiteRunner.runTest(SuiteRunner.java:380)
	at org.testng.SuiteRunner.runSequentially(SuiteRunner.java:375)
	at org.testng.SuiteRunner.privateRun(SuiteRunner.java:340)
	at org.testng.SuiteRunner.run(SuiteRunner.java:289)
	at org.testng.SuiteRunnerWorker.runSuite(SuiteRunnerWorker.java:52)
	at org.testng.SuiteRunnerWorker.run(SuiteRunnerWorker.java:86)
	at org.testng.TestNG.runSuitesSequentially(TestNG.java:1301)
	at org.testng.TestNG.runSuitesLocally(TestNG.java:1226)
	at org.testng.TestNG.runSuites(TestNG.java:1144)
	at org.testng.TestNG.run(TestNG.java:1115)
	at org.testng.remote.AbstractRemoteTestNG.run(AbstractRemoteTestNG.java:115)
	at org.testng.remote.RemoteTestNG.initAndRun(RemoteTestNG.java:251)
	at org.testng.remote.RemoteTestNG.main(RemoteTestNG.java:77)
]]>
            </full-stacktrace>
          </exception> <!-- org.openqa.selenium.SessionNotCreatedException -->
          <reporter-output>
          </reporter-output>
        </test-method> <!-- loginDBTest -->
        <test-method status="SKIP" signature="setUp()[pri:0, instance:com.elearning.test.ELTC_069@4678c730]" name="setUp" is-config="true" duration-ms="0" started-at="2020-03-20T10:50:56Z" finished-at="2020-03-20T10:50:56Z">
          <reporter-output>
          </reporter-output>
        </test-method> <!-- setUp -->
        <test-method status="SKIP" signature="loginDBTest(java.lang.String, java.lang.String, java.lang.String, java.lang.String, java.lang.String, java.lang.String, java.lang.String)[pri:0, instance:com.elearning.test.ELTC_069@4678c730]" name="loginDBTest" duration-ms="0" started-at="2020-03-20T10:50:56Z" data-provider="testData" finished-at="2020-03-20T10:50:56Z">
          <exception class="org.openqa.selenium.SessionNotCreatedException">
            <message>
              <![CDATA[session not created
from chrome not reachable
  (Session info: chrome=80.0.3987.132)
Build info: version: '3.6.0', revision: '6fbf3ec767', time: '2017-09-27T15:28:36.4Z'
System info: host: 'DESKTOP-3JCFK64', ip: '192.168.1.8', os.name: 'Windows 10', os.arch: 'amd64', os.version: '10.0', java.version: '1.8.0_121'
Driver info: driver.version: ChromeDriver
remote stacktrace: Backtrace:
	Ordinal0 [0x00910C83+1707139]
	Ordinal0 [0x008768F1+1075441]
	Ordinal0 [0x007EDE72+515698]
	Ordinal0 [0x007E7CA8+490664]
	Ordinal0 [0x007E839B+492443]
	Ordinal0 [0x007E92F5+496373]
	Ordinal0 [0x007E4F05+478981]
	Ordinal0 [0x007EECA0+519328]
	Ordinal0 [0x0079CA67+182887]
	Ordinal0 [0x0079BDDD+179677]
	Ordinal0 [0x00799D4B+171339]
	Ordinal0 [0x00781D4A+73034]
	Ordinal0 [0x00782DC0+77248]
	Ordinal0 [0x00782D59+77145]
	Ordinal0 [0x0088BB67+1162087]
	GetHandleVerifier [0x009AA966+508998]
	GetHandleVerifier [0x009AA6A4+508292]
	GetHandleVerifier [0x009BF7B7+594583]
	GetHandleVerifier [0x009AB1D6+511158]
	Ordinal0 [0x0088402C+1130540]
	Ordinal0 [0x0088D4CB+1168587]
	Ordinal0 [0x0088D633+1168947]
	Ordinal0 [0x008A5B35+1268533]
	BaseThreadInitThunk [0x75646359+25]
	RtlGetAppContainerNamedObjectPath [0x77EA7B74+228]
	RtlGetAppContainerNamedObjectPath [0x77EA7B44+180]
]]>
            </message>
            <full-stacktrace>
              <![CDATA[org.openqa.selenium.SessionNotCreatedException: session not created
from chrome not reachable
  (Session info: chrome=80.0.3987.132)
Build info: version: '3.6.0', revision: '6fbf3ec767', time: '2017-09-27T15:28:36.4Z'
System info: host: 'DESKTOP-3JCFK64', ip: '192.168.1.8', os.name: 'Windows 10', os.arch: 'amd64', os.version: '10.0', java.version: '1.8.0_121'
Driver info: driver.version: ChromeDriver
remote stacktrace: Backtrace:
	Ordinal0 [0x00910C83+1707139]
	Ordinal0 [0x008768F1+1075441]
	Ordinal0 [0x007EDE72+515698]
	Ordinal0 [0x007E7CA8+490664]
	Ordinal0 [0x007E839B+492443]
	Ordinal0 [0x007E92F5+496373]
	Ordinal0 [0x007E4F05+478981]
	Ordinal0 [0x007EECA0+519328]
	Ordinal0 [0x0079CA67+182887]
	Ordinal0 [0x0079BDDD+179677]
	Ordinal0 [0x00799D4B+171339]
	Ordinal0 [0x00781D4A+73034]
	Ordinal0 [0x00782DC0+77248]
	Ordinal0 [0x00782D59+77145]
	Ordinal0 [0x0088BB67+1162087]
	GetHandleVerifier [0x009AA966+508998]
	GetHandleVerifier [0x009AA6A4+508292]
	GetHandleVerifier [0x009BF7B7+594583]
	GetHandleVerifier [0x009AB1D6+511158]
	Ordinal0 [0x0088402C+1130540]
	Ordinal0 [0x0088D4CB+1168587]
	Ordinal0 [0x0088D633+1168947]
	Ordinal0 [0x008A5B35+1268533]
	BaseThreadInitThunk [0x75646359+25]
	RtlGetAppContainerNamedObjectPath [0x77EA7B74+228]
	RtlGetAppContainerNamedObjectPath [0x77EA7B44+180]

	at sun.reflect.NativeConstructorAccessorImpl.newInstance0(Native Method)
	at sun.reflect.NativeConstructorAccessorImpl.newInstance(NativeConstructorAccessorImpl.java:62)
	at sun.reflect.DelegatingConstructorAccessorImpl.newInstance(DelegatingConstructorAccessorImpl.java:45)
	at java.lang.reflect.Constructor.newInstance(Constructor.java:423)
	at org.openqa.selenium.remote.W3CHandshakeResponse.lambda$new$0(W3CHandshakeResponse.java:57)
	at org.openqa.selenium.remote.W3CHandshakeResponse.lambda$getResponseFunction$2(W3CHandshakeResponse.java:104)
	at org.openqa.selenium.remote.ProtocolHandshake.lambda$createSession$24(ProtocolHandshake.java:359)
	at java.util.stream.ReferencePipeline$3$1.accept(ReferencePipeline.java:193)
	at java.util.Spliterators$ArraySpliterator.tryAdvance(Spliterators.java:958)
	at java.util.stream.ReferencePipeline.forEachWithCancel(ReferencePipeline.java:126)
	at java.util.stream.AbstractPipeline.copyIntoWithCancel(AbstractPipeline.java:498)
	at java.util.stream.AbstractPipeline.copyInto(AbstractPipeline.java:485)
	at java.util.stream.AbstractPipeline.wrapAndCopyInto(AbstractPipeline.java:471)
	at java.util.stream.FindOps$FindOp.evaluateSequential(FindOps.java:152)
	at java.util.stream.AbstractPipeline.evaluate(AbstractPipeline.java:234)
	at java.util.stream.ReferencePipeline.findFirst(ReferencePipeline.java:464)
	at org.openqa.selenium.remote.ProtocolHandshake.createSession(ProtocolHandshake.java:362)
	at org.openqa.selenium.remote.ProtocolHandshake.createSession(ProtocolHandshake.java:136)
	at org.openqa.selenium.remote.HttpCommandExecutor.execute(HttpCommandExecutor.java:142)
	at org.openqa.selenium.remote.service.DriverCommandExecutor.execute(DriverCommandExecutor.java:83)
	at org.openqa.selenium.remote.RemoteWebDriver.execute(RemoteWebDriver.java:586)
	at org.openqa.selenium.remote.RemoteWebDriver.startSession(RemoteWebDriver.java:217)
	at org.openqa.selenium.remote.RemoteWebDriver.<init>(RemoteWebDriver.java:140)
	at org.openqa.selenium.chrome.ChromeDriver.<init>(ChromeDriver.java:181)
	at org.openqa.selenium.chrome.ChromeDriver.<init>(ChromeDriver.java:168)
	at org.openqa.selenium.chrome.ChromeDriver.<init>(ChromeDriver.java:123)
	at com.training.utility.DriverFactory.getDriver(DriverFactory.java:24)
	at com.elearning.test.ELTC_069.setUp(ELTC_069.java:45)
	at sun.reflect.NativeMethodAccessorImpl.invoke0(Native Method)
	at sun.reflect.NativeMethodAccessorImpl.invoke(NativeMethodAccessorImpl.java:62)
	at sun.reflect.DelegatingMethodAccessorImpl.invoke(DelegatingMethodAccessorImpl.java:43)
	at java.lang.reflect.Method.invoke(Method.java:498)
	at org.testng.internal.MethodInvocationHelper.invokeMethod(MethodInvocationHelper.java:108)
	at org.testng.internal.Invoker.invokeConfigurationMethod(Invoker.java:523)
	at org.testng.internal.Invoker.invokeConfigurations(Invoker.java:224)
	at org.testng.internal.Invoker.invokeMethod(Invoker.java:599)
	at org.testng.internal.Invoker.invokeTestMethod(Invoker.java:869)
	at org.testng.internal.Invoker.invokeTestMethods(Invoker.java:1193)
	at org.testng.internal.TestMethodWorker.invokeTestMethods(TestMethodWorker.java:126)
	at org.testng.internal.TestMethodWorker.run(TestMethodWorker.java:109)
	at org.testng.TestRunner.privateRun(TestRunner.java:744)
	at org.testng.TestRunner.run(TestRunner.java:602)
	at org.testng.SuiteRunner.runTest(SuiteRunner.java:380)
	at org.testng.SuiteRunner.runSequentially(SuiteRunner.java:375)
	at org.testng.SuiteRunner.privateRun(SuiteRunner.java:340)
	at org.testng.SuiteRunner.run(SuiteRunner.java:289)
	at org.testng.SuiteRunnerWorker.runSuite(SuiteRunnerWorker.java:52)
	at org.testng.SuiteRunnerWorker.run(SuiteRunnerWorker.java:86)
	at org.testng.TestNG.runSuitesSequentially(TestNG.java:1301)
	at org.testng.TestNG.runSuitesLocally(TestNG.java:1226)
	at org.testng.TestNG.runSuites(TestNG.java:1144)
	at org.testng.TestNG.run(TestNG.java:1115)
	at org.testng.remote.AbstractRemoteTestNG.run(AbstractRemoteTestNG.java:115)
	at org.testng.remote.RemoteTestNG.initAndRun(RemoteTestNG.java:251)
	at org.testng.remote.RemoteTestNG.main(RemoteTestNG.java:77)
]]>
            </full-stacktrace>
          </exception> <!-- org.openqa.selenium.SessionNotCreatedException -->
          <reporter-output>
          </reporter-output>
        </test-method> <!-- loginDBTest -->
        <test-method status="SKIP" signature="setUp()[pri:0, instance:com.elearning.test.ELTC_069@4678c730]" name="setUp" is-config="true" duration-ms="0" started-at="2020-03-20T10:50:56Z" finished-at="2020-03-20T10:50:56Z">
          <reporter-output>
          </reporter-output>
        </test-method> <!-- setUp -->
        <test-method status="SKIP" signature="loginDBTest(java.lang.String, java.lang.String, java.lang.String, java.lang.String, java.lang.String, java.lang.String, java.lang.String)[pri:0, instance:com.elearning.test.ELTC_069@4678c730]" name="loginDBTest" duration-ms="0" started-at="2020-03-20T10:50:56Z" data-provider="testData" finished-at="2020-03-20T10:50:56Z">
          <exception class="org.openqa.selenium.SessionNotCreatedException">
            <message>
              <![CDATA[session not created
from chrome not reachable
  (Session info: chrome=80.0.3987.132)
Build info: version: '3.6.0', revision: '6fbf3ec767', time: '2017-09-27T15:28:36.4Z'
System info: host: 'DESKTOP-3JCFK64', ip: '192.168.1.8', os.name: 'Windows 10', os.arch: 'amd64', os.version: '10.0', java.version: '1.8.0_121'
Driver info: driver.version: ChromeDriver
remote stacktrace: Backtrace:
	Ordinal0 [0x00910C83+1707139]
	Ordinal0 [0x008768F1+1075441]
	Ordinal0 [0x007EDE72+515698]
	Ordinal0 [0x007E7CA8+490664]
	Ordinal0 [0x007E839B+492443]
	Ordinal0 [0x007E92F5+496373]
	Ordinal0 [0x007E4F05+478981]
	Ordinal0 [0x007EECA0+519328]
	Ordinal0 [0x0079CA67+182887]
	Ordinal0 [0x0079BDDD+179677]
	Ordinal0 [0x00799D4B+171339]
	Ordinal0 [0x00781D4A+73034]
	Ordinal0 [0x00782DC0+77248]
	Ordinal0 [0x00782D59+77145]
	Ordinal0 [0x0088BB67+1162087]
	GetHandleVerifier [0x009AA966+508998]
	GetHandleVerifier [0x009AA6A4+508292]
	GetHandleVerifier [0x009BF7B7+594583]
	GetHandleVerifier [0x009AB1D6+511158]
	Ordinal0 [0x0088402C+1130540]
	Ordinal0 [0x0088D4CB+1168587]
	Ordinal0 [0x0088D633+1168947]
	Ordinal0 [0x008A5B35+1268533]
	BaseThreadInitThunk [0x75646359+25]
	RtlGetAppContainerNamedObjectPath [0x77EA7B74+228]
	RtlGetAppContainerNamedObjectPath [0x77EA7B44+180]
]]>
            </message>
            <full-stacktrace>
              <![CDATA[org.openqa.selenium.SessionNotCreatedException: session not created
from chrome not reachable
  (Session info: chrome=80.0.3987.132)
Build info: version: '3.6.0', revision: '6fbf3ec767', time: '2017-09-27T15:28:36.4Z'
System info: host: 'DESKTOP-3JCFK64', ip: '192.168.1.8', os.name: 'Windows 10', os.arch: 'amd64', os.version: '10.0', java.version: '1.8.0_121'
Driver info: driver.version: ChromeDriver
remote stacktrace: Backtrace:
	Ordinal0 [0x00910C83+1707139]
	Ordinal0 [0x008768F1+1075441]
	Ordinal0 [0x007EDE72+515698]
	Ordinal0 [0x007E7CA8+490664]
	Ordinal0 [0x007E839B+492443]
	Ordinal0 [0x007E92F5+496373]
	Ordinal0 [0x007E4F05+478981]
	Ordinal0 [0x007EECA0+519328]
	Ordinal0 [0x0079CA67+182887]
	Ordinal0 [0x0079BDDD+179677]
	Ordinal0 [0x00799D4B+171339]
	Ordinal0 [0x00781D4A+73034]
	Ordinal0 [0x00782DC0+77248]
	Ordinal0 [0x00782D59+77145]
	Ordinal0 [0x0088BB67+1162087]
	GetHandleVerifier [0x009AA966+508998]
	GetHandleVerifier [0x009AA6A4+508292]
	GetHandleVerifier [0x009BF7B7+594583]
	GetHandleVerifier [0x009AB1D6+511158]
	Ordinal0 [0x0088402C+1130540]
	Ordinal0 [0x0088D4CB+1168587]
	Ordinal0 [0x0088D633+1168947]
	Ordinal0 [0x008A5B35+1268533]
	BaseThreadInitThunk [0x75646359+25]
	RtlGetAppContainerNamedObjectPath [0x77EA7B74+228]
	RtlGetAppContainerNamedObjectPath [0x77EA7B44+180]

	at sun.reflect.NativeConstructorAccessorImpl.newInstance0(Native Method)
	at sun.reflect.NativeConstructorAccessorImpl.newInstance(NativeConstructorAccessorImpl.java:62)
	at sun.reflect.DelegatingConstructorAccessorImpl.newInstance(DelegatingConstructorAccessorImpl.java:45)
	at java.lang.reflect.Constructor.newInstance(Constructor.java:423)
	at org.openqa.selenium.remote.W3CHandshakeResponse.lambda$new$0(W3CHandshakeResponse.java:57)
	at org.openqa.selenium.remote.W3CHandshakeResponse.lambda$getResponseFunction$2(W3CHandshakeResponse.java:104)
	at org.openqa.selenium.remote.ProtocolHandshake.lambda$createSession$24(ProtocolHandshake.java:359)
	at java.util.stream.ReferencePipeline$3$1.accept(ReferencePipeline.java:193)
	at java.util.Spliterators$ArraySpliterator.tryAdvance(Spliterators.java:958)
	at java.util.stream.ReferencePipeline.forEachWithCancel(ReferencePipeline.java:126)
	at java.util.stream.AbstractPipeline.copyIntoWithCancel(AbstractPipeline.java:498)
	at java.util.stream.AbstractPipeline.copyInto(AbstractPipeline.java:485)
	at java.util.stream.AbstractPipeline.wrapAndCopyInto(AbstractPipeline.java:471)
	at java.util.stream.FindOps$FindOp.evaluateSequential(FindOps.java:152)
	at java.util.stream.AbstractPipeline.evaluate(AbstractPipeline.java:234)
	at java.util.stream.ReferencePipeline.findFirst(ReferencePipeline.java:464)
	at org.openqa.selenium.remote.ProtocolHandshake.createSession(ProtocolHandshake.java:362)
	at org.openqa.selenium.remote.ProtocolHandshake.createSession(ProtocolHandshake.java:136)
	at org.openqa.selenium.remote.HttpCommandExecutor.execute(HttpCommandExecutor.java:142)
	at org.openqa.selenium.remote.service.DriverCommandExecutor.execute(DriverCommandExecutor.java:83)
	at org.openqa.selenium.remote.RemoteWebDriver.execute(RemoteWebDriver.java:586)
	at org.openqa.selenium.remote.RemoteWebDriver.startSession(RemoteWebDriver.java:217)
	at org.openqa.selenium.remote.RemoteWebDriver.<init>(RemoteWebDriver.java:140)
	at org.openqa.selenium.chrome.ChromeDriver.<init>(ChromeDriver.java:181)
	at org.openqa.selenium.chrome.ChromeDriver.<init>(ChromeDriver.java:168)
	at org.openqa.selenium.chrome.ChromeDriver.<init>(ChromeDriver.java:123)
	at com.training.utility.DriverFactory.getDriver(DriverFactory.java:24)
	at com.elearning.test.ELTC_069.setUp(ELTC_069.java:45)
	at sun.reflect.NativeMethodAccessorImpl.invoke0(Native Method)
	at sun.reflect.NativeMethodAccessorImpl.invoke(NativeMethodAccessorImpl.java:62)
	at sun.reflect.DelegatingMethodAccessorImpl.invoke(DelegatingMethodAccessorImpl.java:43)
	at java.lang.reflect.Method.invoke(Method.java:498)
	at org.testng.internal.MethodInvocationHelper.invokeMethod(MethodInvocationHelper.java:108)
	at org.testng.internal.Invoker.invokeConfigurationMethod(Invoker.java:523)
	at org.testng.internal.Invoker.invokeConfigurations(Invoker.java:224)
	at org.testng.internal.Invoker.invokeMethod(Invoker.java:599)
	at org.testng.internal.Invoker.invokeTestMethod(Invoker.java:869)
	at org.testng.internal.Invoker.invokeTestMethods(Invoker.java:1193)
	at org.testng.internal.TestMethodWorker.invokeTestMethods(TestMethodWorker.java:126)
	at org.testng.internal.TestMethodWorker.run(TestMethodWorker.java:109)
	at org.testng.TestRunner.privateRun(TestRunner.java:744)
	at org.testng.TestRunner.run(TestRunner.java:602)
	at org.testng.SuiteRunner.runTest(SuiteRunner.java:380)
	at org.testng.SuiteRunner.runSequentially(SuiteRunner.java:375)
	at org.testng.SuiteRunner.privateRun(SuiteRunner.java:340)
	at org.testng.SuiteRunner.run(SuiteRunner.java:289)
	at org.testng.SuiteRunnerWorker.runSuite(SuiteRunnerWorker.java:52)
	at org.testng.SuiteRunnerWorker.run(SuiteRunnerWorker.java:86)
	at org.testng.TestNG.runSuitesSequentially(TestNG.java:1301)
	at org.testng.TestNG.runSuitesLocally(TestNG.java:1226)
	at org.testng.TestNG.runSuites(TestNG.java:1144)
	at org.testng.TestNG.run(TestNG.java:1115)
	at org.testng.remote.AbstractRemoteTestNG.run(AbstractRemoteTestNG.java:115)
	at org.testng.remote.RemoteTestNG.initAndRun(RemoteTestNG.java:251)
	at org.testng.remote.RemoteTestNG.main(RemoteTestNG.java:77)
]]>
            </full-stacktrace>
          </exception> <!-- org.openqa.selenium.SessionNotCreatedException -->
          <reporter-output>
          </reporter-output>
        </test-method> <!-- loginDBTest -->
      </class> <!-- com.elearning.test.ELTC_069 -->
    </test> <!-- Default test -->
  </suite> <!-- Default suite -->
</testng-results>
